<?xml version="1.0" encoding="UTF-8"?>
<!-- Generated by org.testng.reporters.JUnitReportReporter -->
<testsuite skipped="0" hostname="DESKTOP-B1MQ2I5" name="org.demo.ecommerce.PurchaseApp" tests="1" failures="0" timestamp="20 Apr 2025 14:10:15 GMT" time="3.795" errors="0">
  <testcase name="test" time="3.795" classname="org.demo.ecommerce.PurchaseApp"/>
</testsuite> <!-- org.demo.ecommerce.PurchaseApp -->
